2018-10-21 10:26:27.618 xcodebuild[20455:159857] [MT] DVTPlugInLoading: Failed to load code for plug-in com.apple.dt.IDE.DVTKitDFRSupport (/Applications/Xcode.app/Contents/PlugIns/DVTKitDFRSupport.ideplugin), error = Error Domain=NSCocoaErrorDomain Code=3588 "dlopen(/Applications/Xcode.app/Contents/PlugIns/DVTKitDFRSupport.ideplugin/Contents/MacOS/DVTKitDFRSupport, 265): Symbol not found: _OBJC_IVAR_$_NSTextViewIvars.sharedData
  Referenced from: /Applications/Xcode.app/Contents/Developer/usr/bin/../../../SharedFrameworks/DVTKit.framework/Versions/A/DVTKit
  Expected in: /System/Library/Frameworks/AppKit.framework/Versions/C/AppKit
 in /Applications/Xcode.app/Contents/Developer/usr/bin/../../../SharedFrameworks/DVTKit.framework/Versions/A/DVTKit" UserInfo={NSLocalizedFailureReason=The bundle couldn’t be loaded., NSLocalizedRecoverySuggestion=Try reinstalling the bundle., NSFilePath=/Applications/Xcode.app/Contents/PlugIns/DVTKitDFRSupport.ideplugin/Contents/MacOS/DVTKitDFRSupport, NSDebugDescription=dlopen(/Applications/Xcode.app/Contents/PlugIns/DVTKitDFRSupport.ideplugin/Contents/MacOS/DVTKitDFRSupport, 265): Symbol not found: _OBJC_IVAR_$_NSTextViewIvars.sharedData
  Referenced from: /Applications/Xcode.app/Contents/Developer/usr/bin/../../../SharedFrameworks/DVTKit.framework/Versions/A/DVTKit
  Expected in: /System/Library/Frameworks/AppKit.framework/Versions/C/AppKit
 in /Applications/Xcode.app/Contents/Developer/usr/bin/../../../SharedFrameworks/DVTKit.framework/Versions/A/DVTKit, NSBundlePath=/Applications/Xcode.app/Contents/PlugIns/DVTKitDFRSupport.ideplugin, NSLocalizedDescription=The bundle “DVTKitDFRSupport” couldn’t be loaded.}, dyldError = dlopen(/Applications/Xcode.app/Contents/PlugIns/DVTKitDFRSupport.ideplugin/Contents/MacOS/DVTKitDFRSupport, 0): Symbol not found: _OBJC_IVAR_$_NSTextViewIvars.sharedData
  Referenced from: /Applications/Xcode.app/Contents/Developer/usr/bin/../../../SharedFrameworks/DVTKit.framework/Versions/A/DVTKit
  Expected in: /System/Library/Frameworks/AppKit.framework/Versions/C/AppKit
 in /Applications/Xcode.app/Contents/Developer/usr/bin/../../../SharedFrameworks/DVTKit.framework/Versions/A/DVTKit
2018-10-21 10:26:27.618 xcodebuild[20455:159857] [MT] DVTPlugInExtensionFaulting: Failed to fire fault for extension Xcode.DVTKitDFRSupport.Initializer: Error Domain=DVTPlugInErrorDomain Code=2 "Loading a plug-in failed." UserInfo={DVTPlugInIdentifierErrorKey=com.apple.dt.IDE.DVTKitDFRSupport, DVTPlugInExecutablePathErrorKey=/Applications/Xcode.app/Contents/PlugIns/DVTKitDFRSupport.ideplugin/Contents/MacOS/DVTKitDFRSupport, NSLocalizedRecoverySuggestion=The plug-in or one of its prerequisite plug-ins may be missing or damaged and may need to be reinstalled., DVTPlugInDYLDErrorMessageErrorKey=dlopen(/Applications/Xcode.app/Contents/PlugIns/DVTKitDFRSupport.ideplugin/Contents/MacOS/DVTKitDFRSupport, 0): Symbol not found: _OBJC_IVAR_$_NSTextViewIvars.sharedData
  Referenced from: /Applications/Xcode.app/Contents/Developer/usr/bin/../../../SharedFrameworks/DVTKit.framework/Versions/A/DVTKit
  Expected in: /System/Library/Frameworks/AppKit.framework/Versions/C/AppKit
 in /Applications/Xcode.app/Contents/Developer/usr/bin/../../../SharedFrameworks/DVTKit.framework/Versions/A/DVTKit, NSLocalizedDescription=Loading a plug-in failed., NSFilePath=/Applications/Xcode.app/Contents/PlugIns/DVTKitDFRSupport.ideplugin, NSLocalizedFailureReason=The plug-in “com.apple.dt.IDE.DVTKitDFRSupport” at path “/Applications/Xcode.app/Contents/PlugIns/DVTKitDFRSupport.ideplugin” could not be loaded.  The plug-in or one of its prerequisite plug-ins may be missing or damaged., NSUnderlyingError=0x7fc28101eb50 {Error Domain=NSCocoaErrorDomain Code=3588 "dlopen(/Applications/Xcode.app/Contents/PlugIns/DVTKitDFRSupport.ideplugin/Contents/MacOS/DVTKitDFRSupport, 265): Symbol not found: _OBJC_IVAR_$_NSTextViewIvars.sharedData
  Referenced from: /Applications/Xcode.app/Contents/Developer/usr/bin/../../../SharedFrameworks/DVTKit.framework/Versions/A/DVTKit
  Expected in: /System/Library/Frameworks/AppKit.framework/Versions/C/AppKit
 in /Applications/Xcode.app/Contents/Developer/usr/bin/../../../SharedFrameworks/DVTKit.framework/Versions/A/DVTKit" UserInfo={NSLocalizedFailureReason=The bundle couldn’t be loaded., NSLocalizedRecoverySuggestion=Try reinstalling the bundle., NSFilePath=/Applications/Xcode.app/Contents/PlugIns/DVTKitDFRSupport.ideplugin/Contents/MacOS/DVTKitDFRSupport, NSDebugDescription=dlopen(/Applications/Xcode.app/Contents/PlugIns/DVTKitDFRSupport.ideplugin/Contents/MacOS/DVTKitDFRSupport, 265): Symbol not found: _OBJC_IVAR_$_NSTextViewIvars.sharedData
  Referenced from: /Applications/Xcode.app/Contents/Developer/usr/bin/../../../SharedFrameworks/DVTKit.framework/Versions/A/DVTKit
  Expected in: /System/Library/Frameworks/AppKit.framework/Versions/C/AppKit
 in /Applications/Xcode.app/Contents/Developer/usr/bin/../../../SharedFrameworks/DVTKit.framework/Versions/A/DVTKit, NSBundlePath=/Applications/Xcode.app/Contents/PlugIns/DVTKitDFRSupport.ideplugin, NSLocalizedDescription=The bundle “DVTKitDFRSupport” couldn’t be loaded.}}}
** INTERNAL ERROR: Uncaught exception **
Uncaught Exception: Error getting value for key 'initializationClass' of extension 'Xcode.DVTKitDFRSupport.Initializer' in plug-in 'com.apple.dt.IDE.DVTKitDFRSupport'
Stack:
  0   __exceptionPreprocess (in CoreFoundation)
  1   objc_exception_throw (in libobjc.A.dylib)
  2   -[DVTExtension valueForKey:error:] (in DVTFoundation)
  3   _IDEInitializeOnePlugInAndPrerequisites (in IDEFoundation)
  4   _IDEInitializePlugIns (in IDEFoundation)
  5   IDEInitialize (in IDEFoundation)
  6   -[Xcode3CommandLineBuildTool run] (in Xcode3Core)
  7  0x00000001044af202 (in xcodebuild)
  8   start (in libdyld.dylib)


sh: line 1: 20461 Abort trap: 6           /Applications/Xcode.app/Contents/Developer/usr/bin/xcodebuild -sdk '' -find make 2> /dev/null
make: error: unable to find utility "make", not a developer tool or in PATH
gyp ERR! build error 
gyp ERR! stack Error: `make` failed with exit code: 72
gyp ERR! stack     at ChildProcess.onExit (/usr/local/lib/node_modules/npm/node_modules/node-gyp/lib/build.js:258:23)
gyp ERR! stack     at emitTwo (events.js:126:13)
gyp ERR! stack     at ChildProcess.emit (events.js:214:7)
gyp ERR! stack     at Process.ChildProcess._handle.onexit (internal/child_process.js:198:12)
gyp ERR! System Darwin 18.0.0
gyp ERR! command "/usr/local/bin/node" "/usr/local/lib/node_modules/npm/node_modules/node-gyp/bin/node-gyp.js" "rebuild"
gyp ERR! cwd /Users/ankittanna/Documents/GitHub/flight-search-portal-web/node_modules/uws
gyp ERR! node -v v8.9.1
gyp ERR! node-gyp -v v3.6.2
gyp ERR! not ok 
